<?xml version="1.0" encoding="UTF-8" ?>
<testsuite failures="0" time="88.759" errors="0" skipped="0" tests="11" name="loginLinkedin.CucumberTest">
  <properties>
    <property name="java.runtime.name" value="Java(TM) SE Runtime Environment"/>
    <property name="sun.boot.library.path" value="C:\Program Files (x86)\Java\jdk1.7.0_67\jre\bin"/>
    <property name="java.vm.version" value="24.65-b04"/>
    <property name="java.vm.vendor" value="Oracle Corporation"/>
    <property name="java.vendor.url" value="http://java.oracle.com/"/>
    <property name="path.separator" value=";"/>
    <property name="guice.disable.misplaced.annotation.check" value="true"/>
    <property name="java.vm.name" value="Java HotSpot(TM) Client VM"/>
    <property name="file.encoding.pkg" value="sun.io"/>
    <property name="user.script" value=""/>
    <property name="user.country" value="VE"/>
    <property name="sun.java.launcher" value="SUN_STANDARD"/>
    <property name="sun.os.patch.level" value="Service Pack 1"/>
    <property name="java.vm.specification.name" value="Java Virtual Machine Specification"/>
    <property name="user.dir" value="C:\Users\juliocas\git\git\loginLinkedin"/>
    <property name="java.runtime.version" value="1.7.0_67-b01"/>
    <property name="java.awt.graphicsenv" value="sun.awt.Win32GraphicsEnvironment"/>
    <property name="java.endorsed.dirs" value="C:\Program Files (x86)\Java\jdk1.7.0_67\jre\lib\endorsed"/>
    <property name="os.arch" value="x86"/>
    <property name="java.io.tmpdir" value="C:\Users\juliocas\AppData\Local\Temp\"/>
    <property name="line.separator" value="
"/>
    <property name="java.vm.specification.vendor" value="Oracle Corporation"/>
    <property name="user.variant" value=""/>
    <property name="os.name" value="Windows 7"/>
    <property name="classworlds.conf" value="D:\Documentos\workspaceNuevo\.metadata\.plugins\org.eclipse.m2e.launching\launches\m2conf2960198789043907186.tmp"/>
    <property name="sun.jnu.encoding" value="Cp1252"/>
    <property name="java.library.path" value="C:\Program Files (x86)\Java\jdk1.7.0_67\bin;C:\Windows\Sun\Java\bin;C:\Windows\system32;C:\Windows;C:\Program Files (x86)\Java\jdk1.7.0_67\jre\bin;C:/Program Files (x86)/Java/jre1.8.0_144/bin/client;C:/Program Files (x86)/Java/jre1.8.0_144/bin;C:/Program Files (x86)/Java/jre1.8.0_144/lib/i386;C:\ProgramData\Oracle\Java\javapath;C:\app\juliocas\product\12.1.0\dbhome_1\bin;C:\Windows\system32;C:\Windows;C:\Windows\System32\Wbem;C:\Windows\System32\WindowsPowerShell\v1.0\;C:\Program Files\Lenovo\Bluetooth Software\;C:\Program Files\Lenovo\Bluetooth Software\syswow64;C:\Program Files (x86)\EgisTec BioExcess\x64;C:\Program Files (x86)\EgisTec BioExcess\;C:\Program Files (x86)\Java\jdk1.7.0_67\bin;C:\Program Files (x86)\scala\bin;C:\activator\;C:\Program Files (x86)\Skype\Phone\;C:\Users\juliocas\AppData\Local\Programs\Python\Python36-32;C:\Users\juliocas\AppData\Local\Programs\Python\Python36-32\Scripts;C:\Program Files\nodejs\;C:\Users\juliocas\AppData\Roaming\npm;D:\Documentos\Desarrollo\eclipse;;."/>
    <property name="java.specification.name" value="Java Platform API Specification"/>
    <property name="java.class.version" value="51.0"/>
    <property name="sun.management.compiler" value="HotSpot Client Compiler"/>
    <property name="os.version" value="6.1"/>
    <property name="user.home" value="C:\Users\juliocas"/>
    <property name="user.timezone" value="America/Santiago"/>
    <property name="java.awt.printerjob" value="sun.awt.windows.WPrinterJob"/>
    <property name="java.specification.version" value="1.7"/>
    <property name="file.encoding" value="Cp1252"/>
    <property name="user.name" value="juliocas"/>
    <property name="java.class.path" value="/D:/Documentos/Desarrollo/eclipse/configuration/org.eclipse.osgi/bundles/535/1/.cp/jars/plexus-classworlds-2.4.jar"/>
    <property name="java.vm.specification.version" value="1.7"/>
    <property name="sun.arch.data.model" value="32"/>
    <property name="java.home" value="C:\Program Files (x86)\Java\jdk1.7.0_67\jre"/>
    <property name="sun.java.command" value="org.codehaus.plexus.classworlds.launcher.Launcher -B install"/>
    <property name="java.specification.vendor" value="Oracle Corporation"/>
    <property name="user.language" value="es"/>
    <property name="awt.toolkit" value="sun.awt.windows.WToolkit"/>
    <property name="java.vm.info" value="mixed mode"/>
    <property name="java.version" value="1.7.0_67"/>
    <property name="java.ext.dirs" value="C:\Program Files (x86)\Java\jdk1.7.0_67\jre\lib\ext;C:\Windows\Sun\Java\lib\ext"/>
    <property name="sun.boot.class.path" value="C:\Program Files (x86)\Java\jdk1.7.0_67\jre\lib\resources.jar;C:\Program Files (x86)\Java\jdk1.7.0_67\jre\lib\rt.jar;C:\Program Files (x86)\Java\jdk1.7.0_67\jre\lib\sunrsasign.jar;C:\Program Files (x86)\Java\jdk1.7.0_67\jre\lib\jsse.jar;C:\Program Files (x86)\Java\jdk1.7.0_67\jre\lib\jce.jar;C:\Program Files (x86)\Java\jdk1.7.0_67\jre\lib\charsets.jar;C:\Program Files (x86)\Java\jdk1.7.0_67\jre\lib\jfr.jar;C:\Program Files (x86)\Java\jdk1.7.0_67\jre\classes"/>
    <property name="java.vendor" value="Oracle Corporation"/>
    <property name="maven.home" value="C:\Users\juliocas\git\git\loginLinkedin\EMBEDDED"/>
    <property name="file.separator" value="\"/>
    <property name="java.vendor.url.bug" value="http://bugreport.sun.com/bugreport/"/>
    <property name="maven.bootclasspath" value="/D:/Documentos/Desarrollo/eclipse/configuration/org.eclipse.osgi/bundles/535/1/.cp/jars/plexus-classworlds-2.4.jar"/>
    <property name="sun.cpu.endian" value="little"/>
    <property name="sun.io.unicode.encoding" value="UnicodeLittle"/>
    <property name="sun.desktop" value="windows"/>
    <property name="sun.cpu.isalist" value="pentium_pro+mmx pentium_pro pentium+mmx pentium i486 i386 i86"/>
  </properties>
  <testcase time="0.002" classname="Given abrir navegador buscar pagina linkendin Chrome   " name="Given abrir navegador buscar pagina linkendin Chrome   "/>
  <testcase time="0" classname="When ingreso correo electronico liannymar313@gmail.com y contrasena juany0512313 correctos    " name="When ingreso correo electronico liannymar313@gmail.com y contrasena juany0512313 correctos    "/>
  <testcase time="0" classname="And presiono boton inicia sesion     " name="And presiono boton inicia sesion     "/>
  <testcase time="0" classname="And busco contacto Javier Chacon de red      " name="And busco contacto Javier Chacon de red      "/>
  <testcase time="0" classname="Then como resultado muestra el perfil del contacto       " name="Then como resultado muestra el perfil del contacto       "/>
  <testcase time="0.009" classname="Scenario: login correcto y busqueda de contacto  " name="Scenario: login correcto y busqueda de contacto  "/>
  <testcase time="0" classname="Given se abre navegador buscar pagina linkendin Chrome         " name="Given se abre navegador buscar pagina linkendin Chrome         "/>
  <testcase time="0" classname="When ingreso correo electronico liannymar312@gmail.com no registrado y contrasena juany0512313          " name="When ingreso correo electronico liannymar312@gmail.com no registrado y contrasena juany0512313          "/>
  <testcase time="0" classname="And se presiona boton inicia sesion           " name="And se presiona boton inicia sesion           "/>
  <testcase time="0" classname="Then como resultado muestra mensaje de error            " name="Then como resultado muestra mensaje de error            "/>
  <testcase time="0" classname="Scenario: login usuario no registrado        " name="Scenario: login usuario no registrado        "/>
</testsuite>